#
# There is insufficient memory for the Java Runtime Environment to continue.
# Native memory allocation (malloc) failed to allocate 1009776 bytes. Error detail: Chunk::new
# Possible reasons:
#   The system is out of physical RAM or swap space
#   This process is running with CompressedOops enabled, and the Java Heap may be blocking the growth of the native heap
# Possible solutions:
#   Reduce memory load on the system
#   Increase physical memory or swap space
#   Check if swap backing store is full
#   Decrease Java heap size (-Xmx/-Xms)
#   Decrease number of Java threads
#   Decrease Java thread stack sizes (-Xss)
#   Set larger code cache with -XX:ReservedCodeCacheSize=
#   JVM is running with Unscaled Compressed Oops mode in which the Java heap is
#     placed in the first 4GB address space. The Java Heap base address is the
#     maximum limit for the native heap growth. Please use -XX:HeapBaseMinAddress
#     to set the Java Heap base and to place the Java Heap above 4GB virtual address.
# This output file may be truncated or incomplete.
#
#  Out of Memory Error (arena.cpp:168), pid=17616, tid=20228
#
# JRE version: OpenJDK Runtime Environment Temurin-21.0.9+10 (21.0.9+10) (build 21.0.9+10-LTS)
# Java VM: OpenJDK 64-Bit Server VM Temurin-21.0.9+10 (21.0.9+10-LTS, mixed mode, sharing, tiered, compressed oops, compressed class ptrs, parallel gc, windows-amd64)
# No core dump will be written. Minidumps are not enabled by default on client versions of Windows
#

---------------  S U M M A R Y ------------

Command Line: --add-modules=ALL-SYSTEM --add-opens=java.base/java.util=ALL-UNNAMED --add-opens=java.base/java.lang=ALL-UNNAMED --add-opens=java.base/sun.nio.fs=ALL-UNNAMED -Declipse.application=org.eclipse.jdt.ls.core.id1 -Dosgi.bundles.defaultStartLevel=4 -Declipse.product=org.eclipse.jdt.ls.core.product -Djava.import.generatesMetadataFilesAtProjectRoot=false -DDetectVMInstallationsJob.disabled=true -Dfile.encoding=utf8 -XX:+UseParallelGC -XX:GCTimeRatio=4 -XX:AdaptiveSizePolicyWeight=90 -Dsun.zip.disableMemoryMapping=true -Xmx2G -Xms100m -Xlog:disable -javaagent:c:\Users\Miguel Rabih\.vscode\extensions\redhat.java-1.49.0-win32-x64\lombok\lombok-1.18.39-4050.jar c:\Users\Miguel Rabih\.vscode\extensions\redhat.java-1.49.0-win32-x64\server\plugins\org.eclipse.equinox.launcher_1.7.100.v20251111-0406.jar -configuration c:\Users\Miguel Rabih\AppData\Roaming\Code\User\globalStorage\redhat.java\1.49.0\config_ss_win -data c:\Users\Miguel Rabih\AppData\Roaming\Code\User\workspaceStorage\077b0f097db5b2b96f080f2ba760cd29\redhat.java\ss_ws --pipe=\\.\pipe\lsp-dc9a25873bfd33749c0ec1fea0ccbc88-sock

Host: AMD Ryzen 5 7520U with Radeon Graphics         , 8 cores, 5G,  Windows 11 , 64 bit Build 26100 (10.0.26100.7019)
Time: Mon Nov 24 13:50:34 2025 Hora est. Pacífico, Sudamérica elapsed time: 15.390762 seconds (0d 0h 0m 15s)

---------------  T H R E A D  ---------------

Current thread (0x000001de8bd76590):  JavaThread "C2 CompilerThread0" daemon [_thread_in_native, id=20228, stack(0x000000893e700000,0x000000893e800000) (1024K)]


Current CompileTask:
C2:15390 2606       4       java.lang.invoke.MethodType::makeImpl (109 bytes)

Stack: [0x000000893e700000,0x000000893e800000]
Native frames: (J=compiled Java code, j=interpreted, Vv=VM code, C=native code)
V  [jvm.dll+0x6d6e29]
V  [jvm.dll+0x8b4b76]
V  [jvm.dll+0x8b712e]
V  [jvm.dll+0x8b7813]
V  [jvm.dll+0x283d86]
V  [jvm.dll+0xc66ed]
V  [jvm.dll+0xc6c31]
V  [jvm.dll+0x3be501]
V  [jvm.dll+0x1e3b52]
V  [jvm.dll+0x24c0f3]
V  [jvm.dll+0x24b580]
V  [jvm.dll+0x1cb13e]
V  [jvm.dll+0x25b29d]
V  [jvm.dll+0x25982a]
V  [jvm.dll+0x3f7ea6]
V  [jvm.dll+0x85e9ad]
V  [jvm.dll+0x6d565d]
C  [ucrtbase.dll+0x37b0]
C  [KERNEL32.DLL+0x2e8d7]
C  [ntdll.dll+0x8c53c]


---------------  P R O C E S S  ---------------

Threads class SMR info:
_java_thread_list=0x000001deea021d60, length=20, elements={
0x000001de8bdf2ce0, 0x000001de8bd68400, 0x000001de8beadd60, 0x000001de8beae7b0,
0x000001de8bd693a0, 0x000001de8bd69df0, 0x000001de8bd6bd00, 0x000001de8bd76590,
0x000001dee515ac10, 0x000001dee530a270, 0x000001dee538f9c0, 0x000001dee5706e00,
0x000001dee5745960, 0x000001dee5c710b0, 0x000001dee5608ba0, 0x000001deea08a100,
0x000001dee561bf90, 0x000001dee55e78d0, 0x000001dee5c14b40, 0x000001dee5266570
}

Java Threads: ( => current thread )
  0x000001de8bdf2ce0 JavaThread "main"                              [_thread_blocked, id=1340, stack(0x000000893dd00000,0x000000893de00000) (1024K)]
  0x000001de8bd68400 JavaThread "Reference Handler"          daemon [_thread_blocked, id=17956, stack(0x000000893e100000,0x000000893e200000) (1024K)]
  0x000001de8beadd60 JavaThread "Finalizer"                  daemon [_thread_blocked, id=25060, stack(0x000000893e200000,0x000000893e300000) (1024K)]
  0x000001de8beae7b0 JavaThread "Signal Dispatcher"          daemon [_thread_blocked, id=16812, stack(0x000000893e300000,0x000000893e400000) (1024K)]
  0x000001de8bd693a0 JavaThread "Attach Listener"            daemon [_thread_blocked, id=4244, stack(0x000000893e400000,0x000000893e500000) (1024K)]
  0x000001de8bd69df0 JavaThread "Service Thread"             daemon [_thread_blocked, id=13308, stack(0x000000893e500000,0x000000893e600000) (1024K)]
  0x000001de8bd6bd00 JavaThread "Monitor Deflation Thread"   daemon [_thread_blocked, id=14456, stack(0x000000893e600000,0x000000893e700000) (1024K)]
=>0x000001de8bd76590 JavaThread "C2 CompilerThread0"         daemon [_thread_in_native, id=20228, stack(0x000000893e700000,0x000000893e800000) (1024K)]
  0x000001dee515ac10 JavaThread "C1 CompilerThread0"         daemon [_thread_in_native, id=5384, stack(0x000000893e800000,0x000000893e900000) (1024K)]
  0x000001dee530a270 JavaThread "Common-Cleaner"             daemon [_thread_blocked, id=12268, stack(0x000000893e900000,0x000000893ea00000) (1024K)]
  0x000001dee538f9c0 JavaThread "Notification Thread"        daemon [_thread_blocked, id=12092, stack(0x000000893ea00000,0x000000893eb00000) (1024K)]
  0x000001dee5706e00 JavaThread "Active Thread: Equinox Container: 31111470-f0eb-42f7-ab89-4cffe7406391"        [_thread_blocked, id=9128, stack(0x000000893f200000,0x000000893f300000) (1024K)]
  0x000001dee5745960 JavaThread "Framework Event Dispatcher: Equinox Container: 31111470-f0eb-42f7-ab89-4cffe7406391" daemon [_thread_blocked, id=12932, stack(0x000000893f300000,0x000000893f400000) (1024K)]
  0x000001dee5c710b0 JavaThread "Start Level: Equinox Container: 31111470-f0eb-42f7-ab89-4cffe7406391" daemon [_thread_in_Java, id=24680, stack(0x000000893f400000,0x000000893f500000) (1024K)]
  0x000001dee5608ba0 JavaThread "SCR Component Actor"        daemon [_thread_blocked, id=15784, stack(0x000000893f100000,0x000000893f200000) (1024K)]
  0x000001deea08a100 JavaThread "Worker-JM"                         [_thread_blocked, id=4192, stack(0x000000893f600000,0x000000893f700000) (1024K)]
  0x000001dee561bf90 JavaThread "JNA Cleaner"                daemon [_thread_blocked, id=15756, stack(0x000000893f700000,0x000000893f800000) (1024K)]
  0x000001dee55e78d0 JavaThread "Worker-0"                          [_thread_blocked, id=23724, stack(0x000000893f800000,0x000000893f900000) (1024K)]
  0x000001dee5c14b40 JavaThread "Worker-1"                          [_thread_blocked, id=23112, stack(0x000000893f900000,0x000000893fa00000) (1024K)]
  0x000001dee5266570 JavaThread "C2 CompilerThread1"         daemon [_thread_in_native, id=19800, stack(0x000000893fa00000,0x000000893fb00000) (1024K)]
Total: 20

Other Threads:
  0x000001de8be938e0 VMThread "VM Thread"                           [id=23416, stack(0x000000893e000000,0x000000893e100000) (1024K)]
  0x000001de8bc7ba00 WatcherThread "VM Periodic Task Thread"        [id=23644, stack(0x000000893df00000,0x000000893e000000) (1024K)]
  0x000001de8be12390 WorkerThread "GC Thread#0"                     [id=860, stack(0x000000893de00000,0x000000893df00000) (1024K)]
  0x000001dee552e3e0 WorkerThread "GC Thread#1"                     [id=6812, stack(0x000000893eb00000,0x000000893ec00000) (1024K)]
  0x000001dee58444c0 WorkerThread "GC Thread#2"                     [id=4056, stack(0x000000893ec00000,0x000000893ed00000) (1024K)]
  0x000001dee57cf060 WorkerThread "GC Thread#3"                     [id=14460, stack(0x000000893ed00000,0x000000893ee00000) (1024K)]
  0x000001dee55b0580 WorkerThread "GC Thread#4"                     [id=10880, stack(0x000000893ee00000,0x000000893ef00000) (1024K)]
  0x000001dee55b0920 WorkerThread "GC Thread#5"                     [id=5472, stack(0x000000893ef00000,0x000000893f000000) (1024K)]
  0x000001dee55b0cc0 WorkerThread "GC Thread#6"                     [id=24044, stack(0x000000893f000000,0x000000893f100000) (1024K)]
  0x000001deea01b830 WorkerThread "GC Thread#7"                     [id=8096, stack(0x000000893f500000,0x000000893f600000) (1024K)]
Total: 10

Threads with active compile tasks:
C2 CompilerThread0  15434 2606       4       java.lang.invoke.MethodType::makeImpl (109 bytes)
C2 CompilerThread1  15434 2675       4       org.lombokweb.asm.ClassReader::readClass (7 bytes)
Total: 2

VM state: not at safepoint (normal execution)

VM Mutex/Monitor currently owned by a thread: None

Heap address: 0x0000000080000000, size: 2048 MB, Compressed Oops mode: 32-bit

CDS archive(s) mapped at: [0x000001dea3000000-0x000001dea3ba0000-0x000001dea3ba0000), size 12189696, SharedBaseAddress: 0x000001dea3000000, ArchiveRelocationMode: 1.
Compressed class space mapped at: 0x000001dea4000000-0x000001dee4000000, reserved size: 1073741824
Narrow klass base: 0x000001dea3000000, Narrow klass shift: 0, Narrow klass range: 0x100000000

GC Precious Log:
 CardTable entry size: 512
 CPUs: 8 total, 8 available
 Memory: 5965M
 Large Page Support: Disabled
 NUMA Support: Disabled
 Compressed Oops: Enabled (32-bit)
 Alignments: Space 512K, Generation 512K, Heap 2M
 Heap Min Capacity: 100M
 Heap Initial Capacity: 100M
 Heap Max Capacity: 2G
 Pre-touch: Disabled
 Parallel Workers: 8

Heap:
 PSYoungGen      total 29696K, used 11930K [0x00000000d5580000, 0x00000000d7680000, 0x0000000100000000)
  eden space 25600K, 30% used [0x00000000d5580000,0x00000000d5d27cd0,0x00000000d6e80000)
  from space 4096K, 99% used [0x00000000d7280000,0x00000000d767edf8,0x00000000d7680000)
  to   space 4096K, 0% used [0x00000000d6e80000,0x00000000d6e80000,0x00000000d7280000)
 ParOldGen       total 68608K, used 5217K [0x0000000080000000, 0x0000000084300000, 0x00000000d5580000)
  object space 68608K, 7% used [0x0000000080000000,0x00000000805184b0,0x0000000084300000)
 Metaspace       used 17334K, committed 18048K, reserved 1114112K
  class space    used 1810K, committed 2112K, reserved 1048576K

Card table byte_map: [0x000001de8b790000,0x000001de8bba0000] _byte_map_base: 0x000001de8b390000

Marking Bits: (ParMarkBitMap*) 0x00007ff8847a2460
 Begin Bits: [0x000001de9e2a0000, 0x000001dea02a0000)
 End Bits:   [0x000001dea02a0000, 0x000001dea22a0000)

Polling page: 0x000001de89e40000

Metaspace:

Usage:
  Non-class:     15.16 MB used.
      Class:      1.77 MB used.
       Both:     16.93 MB used.

Virtual space:
  Non-class space:       64.00 MB reserved,      15.56 MB ( 24%) committed,  1 nodes.
      Class space:        1.00 GB reserved,       2.06 MB ( <1%) committed,  1 nodes.
             Both:        1.06 GB reserved,      17.62 MB (  2%) committed. 

Chunk freelists:
   Non-Class:  48.00 KB
       Class:  13.78 MB
        Both:  13.83 MB

MaxMetaspaceSize: unlimited
CompressedClassSpaceSize: 1.00 GB
Initial GC threshold: 21.00 MB
Current GC threshold: 21.00 MB
CDS: on
 - commit_granule_bytes: 65536.
 - commit_granule_words: 8192.
 - virtual_space_node_default_size: 8388608.
 - enlarge_chunks_in_place: 1.
 - use_allocation_guard: 0.


Internal statistics:

num_allocs_failed_limit: 0.
num_arena_births: 502.
num_arena_deaths: 0.
num_vsnodes_births: 2.
num_vsnodes_deaths: 0.
num_space_committed: 282.
num_space_uncommitted: 0.
num_chunks_returned_to_freelist: 0.
num_chunks_taken_from_freelist: 1150.
num_chunk_merges: 0.
num_chunk_splits: 718.
num_chunks_enlarged: 461.
num_inconsistent_stats: 0.

CodeHeap 'non-profiled nmethods': size=120000Kb used=1129Kb max_used=1129Kb free=118870Kb
 bounds [0x000001de96ac0000, 0x000001de96d30000, 0x000001de9dff0000]
CodeHeap 'profiled nmethods': size=120000Kb used=5141Kb max_used=5141Kb free=114858Kb
 bounds [0x000001de8eff0000, 0x000001de8f500000, 0x000001de96520000]
CodeHeap 'non-nmethods': size=5760Kb used=1274Kb max_used=1290Kb free=4485Kb
 bounds [0x000001de96520000, 0x000001de96790000, 0x000001de96ac0000]
CodeCache: size=245760Kb, used=7544Kb, max_used=7560Kb, free=238213Kb
 total_blobs=3241, nmethods=2692, adapters=455, full_count=0
Compilation: enabled, stopped_count=0, restarted_count=0

Compilation events (20 events):
Event: 13.355 Thread 0x000001dee515ac10 2650       1       lombok.patcher.Hook::getMethodName (5 bytes)
Event: 13.355 Thread 0x000001dee515ac10 nmethod 2650 0x000001de96bd8f10 code [0x000001de96bd90a0, 0x000001de96bd9168]
Event: 13.355 Thread 0x000001dee515ac10 2652       3       lombok.patcher.MethodTarget::matches (29 bytes)
Event: 13.355 Thread 0x000001dee515ac10 nmethod 2652 0x000001de8f4d4c10 code [0x000001de8f4d4e20, 0x000001de8f4d51e8]
Event: 13.356 Thread 0x000001dee515ac10 2653       3       org.lombokweb.asm.Type::getArgumentsAndReturnSizes (140 bytes)
Event: 13.358 Thread 0x000001dee515ac10 nmethod 2653 0x000001de8f4d5410 code [0x000001de8f4d57e0, 0x000001de8f4d7340]
Event: 13.361 Thread 0x000001dee515ac10 2654       3       org.lombokweb.asm.MethodWriter::visitLabel (332 bytes)
Event: 13.362 Thread 0x000001dee515ac10 nmethod 2654 0x000001de8f4d7e10 code [0x000001de8f4d8060, 0x000001de8f4d8958]
Event: 13.375 Thread 0x000001dee515ac10 2655       3       lombok.patcher.PatchScript$MethodPatcher::visitMethod (158 bytes)
Event: 13.376 Thread 0x000001dee515ac10 nmethod 2655 0x000001de8f4d8b90 code [0x000001de8f4d8e80, 0x000001de8f4d9d70]
Event: 13.387 Thread 0x000001dee515ac10 2656       3       java.util.regex.Matcher::search (154 bytes)
Event: 13.387 Thread 0x000001dee515ac10 nmethod 2656 0x000001de8f4da210 code [0x000001de8f4da420, 0x000001de8f4da9a0]
Event: 13.392 Thread 0x000001dee5266570 2657       4       java.util.regex.Pattern$BmpCharPropertyGreedy::match (89 bytes)
Event: 13.395 Thread 0x000001dee515ac10 2658       3       org.lombokweb.asm.Label::<init> (5 bytes)
Event: 13.395 Thread 0x000001dee515ac10 nmethod 2658 0x000001de8f4dab90 code [0x000001de8f4dad40, 0x000001de8f4daea8]
Event: 13.402 Thread 0x000001dee515ac10 2659       3       org.lombokweb.asm.ClassReader::readLabel (20 bytes)
Event: 13.402 Thread 0x000001dee515ac10 nmethod 2659 0x000001de8f4daf90 code [0x000001de8f4db160, 0x000001de8f4db538]
Event: 13.402 Thread 0x000001dee515ac10 2660       3       org.lombokweb.asm.ClassReader::createDebugLabel (23 bytes)
Event: 13.403 Thread 0x000001dee515ac10 nmethod 2660 0x000001de8f4db710 code [0x000001de8f4db8e0, 0x000001de8f4dbd60]
Event: 13.405 Thread 0x000001dee515ac10 2661       3       org.lombokweb.asm.ClassReader::readVerificationTypeInfo (184 bytes)

GC Heap History (8 events):
Event: 2.562 GC heap before
{Heap before GC invocations=1 (full 0):
 PSYoungGen      total 29696K, used 25600K [0x00000000d5580000, 0x00000000d7680000, 0x0000000100000000)
  eden space 25600K, 100% used [0x00000000d5580000,0x00000000d6e80000,0x00000000d6e80000)
  from space 4096K, 0% used [0x00000000d7280000,0x00000000d7280000,0x00000000d7680000)
  to   space 4096K, 0% used [0x00000000d6e80000,0x00000000d6e80000,0x00000000d7280000)
 ParOldGen       total 68608K, used 0K [0x0000000080000000, 0x0000000084300000, 0x00000000d5580000)
  object space 68608K, 0% used [0x0000000080000000,0x0000000080000000,0x0000000084300000)
 Metaspace       used 4345K, committed 4608K, reserved 1114112K
  class space    used 472K, committed 576K, reserved 1048576K
}
Event: 2.574 GC heap after
{Heap after GC invocations=1 (full 0):
 PSYoungGen      total 29696K, used 3303K [0x00000000d5580000, 0x00000000d7680000, 0x0000000100000000)
  eden space 25600K, 0% used [0x00000000d5580000,0x00000000d5580000,0x00000000d6e80000)
  from space 4096K, 80% used [0x00000000d6e80000,0x00000000d71b9e98,0x00000000d7280000)
  to   space 4096K, 0% used [0x00000000d7280000,0x00000000d7280000,0x00000000d7680000)
 ParOldGen       total 68608K, used 8K [0x0000000080000000, 0x0000000084300000, 0x00000000d5580000)
  object space 68608K, 0% used [0x0000000080000000,0x0000000080002000,0x0000000084300000)
 Metaspace       used 4345K, committed 4608K, reserved 1114112K
  class space    used 472K, committed 576K, reserved 1048576K
}
Event: 4.269 GC heap before
{Heap before GC invocations=2 (full 0):
 PSYoungGen      total 29696K, used 28903K [0x00000000d5580000, 0x00000000d7680000, 0x0000000100000000)
  eden space 25600K, 100% used [0x00000000d5580000,0x00000000d6e80000,0x00000000d6e80000)
  from space 4096K, 80% used [0x00000000d6e80000,0x00000000d71b9e98,0x00000000d7280000)
  to   space 4096K, 0% used [0x00000000d7280000,0x00000000d7280000,0x00000000d7680000)
 ParOldGen       total 68608K, used 8K [0x0000000080000000, 0x0000000084300000, 0x00000000d5580000)
  object space 68608K, 0% used [0x0000000080000000,0x0000000080002000,0x0000000084300000)
 Metaspace       used 8169K, committed 8448K, reserved 1114112K
  class space    used 871K, committed 1024K, reserved 1048576K
}
Event: 4.275 GC heap after
{Heap after GC invocations=2 (full 0):
 PSYoungGen      total 29696K, used 4070K [0x00000000d5580000, 0x00000000d7680000, 0x0000000100000000)
  eden space 25600K, 0% used [0x00000000d5580000,0x00000000d5580000,0x00000000d6e80000)
  from space 4096K, 99% used [0x00000000d7280000,0x00000000d7679930,0x00000000d7680000)
  to   space 4096K, 0% used [0x00000000d6e80000,0x00000000d6e80000,0x00000000d7280000)
 ParOldGen       total 68608K, used 918K [0x0000000080000000, 0x0000000084300000, 0x00000000d5580000)
  object space 68608K, 1% used [0x0000000080000000,0x00000000800e5830,0x0000000084300000)
 Metaspace       used 8169K, committed 8448K, reserved 1114112K
  class space    used 871K, committed 1024K, reserved 1048576K
}
Event: 5.304 GC heap before
{Heap before GC invocations=3 (full 0):
 PSYoungGen      total 29696K, used 29670K [0x00000000d5580000, 0x00000000d7680000, 0x0000000100000000)
  eden space 25600K, 100% used [0x00000000d5580000,0x00000000d6e80000,0x00000000d6e80000)
  from space 4096K, 99% used [0x00000000d7280000,0x00000000d7679930,0x00000000d7680000)
  to   space 4096K, 0% used [0x00000000d6e80000,0x00000000d6e80000,0x00000000d7280000)
 ParOldGen       total 68608K, used 918K [0x0000000080000000, 0x0000000084300000, 0x00000000d5580000)
  object space 68608K, 1% used [0x0000000080000000,0x00000000800e5830,0x0000000084300000)
 Metaspace       used 13022K, committed 13504K, reserved 1114112K
  class space    used 1379K, committed 1600K, reserved 1048576K
}
Event: 5.309 GC heap after
{Heap after GC invocations=3 (full 0):
 PSYoungGen      total 29696K, used 4073K [0x00000000d5580000, 0x00000000d7680000, 0x0000000100000000)
  eden space 25600K, 0% used [0x00000000d5580000,0x00000000d5580000,0x00000000d6e80000)
  from space 4096K, 99% used [0x00000000d6e80000,0x00000000d727a640,0x00000000d7280000)
  to   space 4096K, 0% used [0x00000000d7280000,0x00000000d7280000,0x00000000d7680000)
 ParOldGen       total 68608K, used 2665K [0x0000000080000000, 0x0000000084300000, 0x00000000d5580000)
  object space 68608K, 3% used [0x0000000080000000,0x000000008029a468,0x0000000084300000)
 Metaspace       used 13022K, committed 13504K, reserved 1114112K
  class space    used 1379K, committed 1600K, reserved 1048576K
}
Event: 13.135 GC heap before
{Heap before GC invocations=4 (full 0):
 PSYoungGen      total 29696K, used 29673K [0x00000000d5580000, 0x00000000d7680000, 0x0000000100000000)
  eden space 25600K, 100% used [0x00000000d5580000,0x00000000d6e80000,0x00000000d6e80000)
  from space 4096K, 99% used [0x00000000d6e80000,0x00000000d727a640,0x00000000d7280000)
  to   space 4096K, 0% used [0x00000000d7280000,0x00000000d7280000,0x00000000d7680000)
 ParOldGen       total 68608K, used 2665K [0x0000000080000000, 0x0000000084300000, 0x00000000d5580000)
  object space 68608K, 3% used [0x0000000080000000,0x000000008029a468,0x0000000084300000)
 Metaspace       used 16731K, committed 17408K, reserved 1114112K
  class space    used 1758K, committed 2048K, reserved 1048576K
}
Event: 13.140 GC heap after
{Heap after GC invocations=4 (full 0):
 PSYoungGen      total 29696K, used 4091K [0x00000000d5580000, 0x00000000d7680000, 0x0000000100000000)
  eden space 25600K, 0% used [0x00000000d5580000,0x00000000d5580000,0x00000000d6e80000)
  from space 4096K, 99% used [0x00000000d7280000,0x00000000d767edf8,0x00000000d7680000)
  to   space 4096K, 0% used [0x00000000d6e80000,0x00000000d6e80000,0x00000000d7280000)
 ParOldGen       total 68608K, used 5217K [0x0000000080000000, 0x0000000084300000, 0x00000000d5580000)
  object space 68608K, 7% used [0x0000000080000000,0x00000000805184b0,0x0000000084300000)
 Metaspace       used 16731K, committed 17408K, reserved 1114112K
  class space    used 1758K, committed 2048K, reserved 1048576K
}

Dll operation events (10 events):
Event: 0.067 Loaded shared library c:\Users\Miguel Rabih\.vscode\extensions\redhat.java-1.49.0-win32-x64\jre\21.0.9-win32-x86_64\bin\java.dll
Event: 0.738 Loaded shared library c:\Users\Miguel Rabih\.vscode\extensions\redhat.java-1.49.0-win32-x64\jre\21.0.9-win32-x86_64\bin\zip.dll
Event: 0.838 Loaded shared library C:\Users\Miguel Rabih\.vscode\extensions\redhat.java-1.49.0-win32-x64\jre\21.0.9-win32-x86_64\bin\instrument.dll
Event: 0.865 Loaded shared library C:\Users\Miguel Rabih\.vscode\extensions\redhat.java-1.49.0-win32-x64\jre\21.0.9-win32-x86_64\bin\net.dll
Event: 0.872 Loaded shared library C:\Users\Miguel Rabih\.vscode\extensions\redhat.java-1.49.0-win32-x64\jre\21.0.9-win32-x86_64\bin\nio.dll
Event: 0.884 Loaded shared library C:\Users\Miguel Rabih\.vscode\extensions\redhat.java-1.49.0-win32-x64\jre\21.0.9-win32-x86_64\bin\zip.dll
Event: 0.954 Loaded shared library C:\Users\Miguel Rabih\.vscode\extensions\redhat.java-1.49.0-win32-x64\jre\21.0.9-win32-x86_64\bin\jimage.dll
Event: 1.165 Loaded shared library c:\Users\Miguel Rabih\.vscode\extensions\redhat.java-1.49.0-win32-x64\jre\21.0.9-win32-x86_64\bin\verify.dll
Event: 4.205 Loaded shared library C:\Users\Miguel Rabih\AppData\Roaming\Code\User\globalStorage\redhat.java\1.49.0\config_ss_win\org.eclipse.equinox.launcher\org.eclipse.equinox.launcher.win32.win32.x86_64_1.2.1400.v20250801-0854\eclipse_11916.dll
Event: 11.725 Loaded shared library C:\Users\Miguel Rabih\AppData\Local\Temp\jna--145542845\jna5879342403471507631.dll

Deoptimization events (20 events):
Event: 13.063 Thread 0x000001dee5c710b0 Uncommon trap: trap_request=0xffffff45 fr.pc=0x000001de96bbb7f0 relative=0x0000000000001010
Event: 13.063 Thread 0x000001dee5c710b0 Uncommon trap: reason=unstable_if action=reinterpret pc=0x000001de96bbb7f0 method=jdk.internal.org.objectweb.asm.Frame.execute(IILjdk/internal/org/objectweb/asm/Symbol;Ljdk/internal/org/objectweb/asm/SymbolTable;)V @ 1 c2
Event: 13.063 Thread 0x000001dee5c710b0 DEOPT PACKING pc=0x000001de96bbb7f0 sp=0x000000893f4f7ca0
Event: 13.063 Thread 0x000001dee5c710b0 DEOPT UNPACKING pc=0x000001de96573aa2 sp=0x000000893f4f7c28 mode 2
Event: 13.100 Thread 0x000001dee5c710b0 Uncommon trap: trap_request=0xffffffde fr.pc=0x000001de96bb2794 relative=0x00000000000003b4
Event: 13.100 Thread 0x000001dee5c710b0 Uncommon trap: reason=class_check action=maybe_recompile pc=0x000001de96bb2794 method=java.util.regex.Pattern$BmpCharPropertyGreedy.match(Ljava/util/regex/Matcher;ILjava/lang/CharSequence;)Z @ 70 c2
Event: 13.100 Thread 0x000001dee5c710b0 DEOPT PACKING pc=0x000001de96bb2794 sp=0x000000893f4f3090
Event: 13.100 Thread 0x000001dee5c710b0 DEOPT UNPACKING pc=0x000001de96573aa2 sp=0x000000893f4f3038 mode 2
Event: 13.100 Thread 0x000001dee5c710b0 Uncommon trap: trap_request=0xffffffde fr.pc=0x000001de96bb2794 relative=0x00000000000003b4
Event: 13.100 Thread 0x000001dee5c710b0 Uncommon trap: reason=class_check action=maybe_recompile pc=0x000001de96bb2794 method=java.util.regex.Pattern$BmpCharPropertyGreedy.match(Ljava/util/regex/Matcher;ILjava/lang/CharSequence;)Z @ 70 c2
Event: 13.100 Thread 0x000001dee5c710b0 DEOPT PACKING pc=0x000001de96bb2794 sp=0x000000893f4f2ee0
Event: 13.100 Thread 0x000001dee5c710b0 DEOPT UNPACKING pc=0x000001de96573aa2 sp=0x000000893f4f2e88 mode 2
Event: 13.100 Thread 0x000001dee5c710b0 Uncommon trap: trap_request=0xffffffde fr.pc=0x000001de96bb2794 relative=0x00000000000003b4
Event: 13.100 Thread 0x000001dee5c710b0 Uncommon trap: reason=class_check action=maybe_recompile pc=0x000001de96bb2794 method=java.util.regex.Pattern$BmpCharPropertyGreedy.match(Ljava/util/regex/Matcher;ILjava/lang/CharSequence;)Z @ 70 c2
Event: 13.100 Thread 0x000001dee5c710b0 DEOPT PACKING pc=0x000001de96bb2794 sp=0x000000893f4f30a0
Event: 13.100 Thread 0x000001dee5c710b0 DEOPT UNPACKING pc=0x000001de96573aa2 sp=0x000000893f4f3048 mode 2
Event: 13.100 Thread 0x000001dee5c710b0 Uncommon trap: trap_request=0xffffffde fr.pc=0x000001de96bb2794 relative=0x00000000000003b4
Event: 13.100 Thread 0x000001dee5c710b0 Uncommon trap: reason=class_check action=maybe_recompile pc=0x000001de96bb2794 method=java.util.regex.Pattern$BmpCharPropertyGreedy.match(Ljava/util/regex/Matcher;ILjava/lang/CharSequence;)Z @ 70 c2
Event: 13.100 Thread 0x000001dee5c710b0 DEOPT PACKING pc=0x000001de96bb2794 sp=0x000000893f4f2ef0
Event: 13.100 Thread 0x000001dee5c710b0 DEOPT UNPACKING pc=0x000001de96573aa2 sp=0x000000893f4f2e98 mode 2

Classes loaded (20 events):
Event: 13.142 Loading class java/io/StringReader
Event: 13.142 Loading class java/io/StringReader done
Event: 13.149 Loading class java/util/zip/GZIPInputStream
Event: 13.149 Loading class java/util/zip/GZIPInputStream done
Event: 13.161 Loading class java/net/SocketTimeoutException
Event: 13.164 Loading class java/io/InterruptedIOException
Event: 13.165 Loading class java/io/InterruptedIOException done
Event: 13.165 Loading class java/net/SocketTimeoutException done
Event: 13.165 Loading class java/net/SocketException
Event: 13.166 Loading class java/net/SocketException done
Event: 13.166 Loading class java/net/UnknownHostException
Event: 13.167 Loading class java/net/UnknownHostException done
Event: 13.167 Loading class java/net/ProtocolException
Event: 13.167 Loading class java/net/ProtocolException done
Event: 13.290 Loading class java/lang/ThreadLocal$SuppliedThreadLocal
Event: 13.291 Loading class java/lang/ThreadLocal$SuppliedThreadLocal done
Event: 13.328 Loading class java/io/FileWriter
Event: 13.328 Loading class java/io/FileWriter done
Event: 13.328 Loading class java/lang/NegativeArraySizeException
Event: 13.329 Loading class java/lang/NegativeArraySizeException done

Classes unloaded (0 events):
No events

Classes redefined (0 events):
No events

Internal exceptions (20 events):
Event: 11.773 Thread 0x000001dee5c710b0 Exception <a 'java/lang/NoSuchMethodError'{0x00000000d65b5280}: 'void java.lang.invoke.DirectMethodHandle$Holder.invokeSpecial(java.lang.Object, java.lang.Object, java.lang.Object, int)'> (0x00000000d65b5280) 
thrown [s\src\hotspot\share\interpreter\linkResolver.cpp, line 773]
Event: 11.773 Thread 0x000001dee5c710b0 Exception <a 'java/lang/NoSuchMethodError'{0x00000000d65b8c10}: 'void java.lang.invoke.DelegatingMethodHandle$Holder.reinvoke_L(java.lang.Object, java.lang.Object, int)'> (0x00000000d65b8c10) 
thrown [s\src\hotspot\share\interpreter\linkResolver.cpp, line 773]
Event: 11.774 Thread 0x000001dee5c710b0 Exception <a 'java/lang/NoSuchMethodError'{0x00000000d65bf8f8}: 'int java.lang.invoke.Invokers$Holder.invokeExact_MT(java.lang.Object, java.lang.Object, java.lang.Object)'> (0x00000000d65bf8f8) 
thrown [s\src\hotspot\share\interpreter\linkResolver.cpp, line 773]
Event: 11.818 Thread 0x000001dee5c710b0 Exception <a 'java/lang/NoSuchMethodError'{0x00000000d66cc0a0}: 'void java.lang.invoke.Invokers$Holder.invokeExact_MT(java.lang.Object, java.lang.Object, int, java.lang.Object)'> (0x00000000d66cc0a0) 
thrown [s\src\hotspot\share\interpreter\linkResolver.cpp, line 773]
Event: 12.870 Thread 0x000001dee5c710b0 Exception <a 'java/lang/NoSuchMethodError'{0x00000000d67ba3a8}: 'java.lang.Object java.lang.invoke.DirectMethodHandle$Holder.invokeSpecial(java.lang.Object, java.lang.Object, java.lang.Object, long, java.lang.Object)'> (0x00000000d67ba3a8) 
thrown [s\src\hotspot\share\interpreter\linkResolver.cpp, line 773]
Event: 12.872 Thread 0x000001dee5c710b0 Exception <a 'java/lang/NoSuchMethodError'{0x00000000d67c1bf0}: 'java.lang.Object java.lang.invoke.DirectMethodHandle$Holder.newInvokeSpecial(java.lang.Object, java.lang.Object, java.lang.Object, long)'> (0x00000000d67c1bf0) 
thrown [s\src\hotspot\share\interpreter\linkResolver.cpp, line 773]
Event: 12.873 Thread 0x000001dee5c710b0 Exception <a 'java/lang/NoSuchMethodError'{0x00000000d67c5fa0}: 'java.lang.Object java.lang.invoke.DirectMethodHandle$Holder.invokeSpecial(java.lang.Object, java.lang.Object, java.lang.Object, java.lang.Object, long)'> (0x00000000d67c5fa0) 
thrown [s\src\hotspot\share\interpreter\linkResolver.cpp, line 773]
Event: 12.874 Thread 0x000001dee5c710b0 Exception <a 'java/lang/NoSuchMethodError'{0x00000000d67c9bc0}: 'java.lang.Object java.lang.invoke.Invokers$Holder.linkToTargetMethod(java.lang.Object, java.lang.Object, long, java.lang.Object)'> (0x00000000d67c9bc0) 
thrown [s\src\hotspot\share\interpreter\linkResolver.cpp, line 773]
Event: 12.902 Thread 0x000001dee5c710b0 Exception <a 'java/lang/NoSuchMethodError'{0x00000000d683bd18}: 'int java.lang.invoke.DirectMethodHandle$Holder.invokeStaticInit(java.lang.Object, java.lang.Object, java.lang.Object)'> (0x00000000d683bd18) 
thrown [s\src\hotspot\share\interpreter\linkResolver.cpp, line 773]
Event: 12.925 Thread 0x000001dee5c710b0 Exception <a 'java/lang/IncompatibleClassChangeError'{0x00000000d68c5750}: Found class java.lang.Object, but interface was expected> (0x00000000d68c5750) 
thrown [s\src\hotspot\share\interpreter\linkResolver.cpp, line 840]
Event: 12.942 Thread 0x000001dee5c710b0 Exception <a 'java/lang/NoSuchMethodError'{0x00000000d68de218}: 'java.lang.Object java.lang.invoke.DirectMethodHandle$Holder.invokeSpecial(java.lang.Object, java.lang.Object, java.lang.Object, int, java.lang.Object, java.lang.Object)'> (0x00000000d68de218) 
thrown [s\src\hotspot\share\interpreter\linkResolver.cpp, line 773]
Event: 12.944 Thread 0x000001dee5c710b0 Exception <a 'java/lang/NoSuchMethodError'{0x00000000d68e5cf0}: 'java.lang.Object java.lang.invoke.DirectMethodHandle$Holder.newInvokeSpecial(java.lang.Object, java.lang.Object, java.lang.Object, int, java.lang.Object)'> (0x00000000d68e5cf0) 
thrown [s\src\hotspot\share\interpreter\linkResolver.cpp, line 773]
Event: 12.945 Thread 0x000001dee5c710b0 Exception <a 'java/lang/NoSuchMethodError'{0x00000000d68e9c70}: 'java.lang.Object java.lang.invoke.DirectMethodHandle$Holder.invokeSpecial(java.lang.Object, java.lang.Object, java.lang.Object, java.lang.Object, int, java.lang.Object)'> (0x00000000d68e9c70) 
thrown [s\src\hotspot\share\interpreter\linkResolver.cpp, line 773]
Event: 12.946 Thread 0x000001dee5c710b0 Exception <a 'java/lang/NoSuchMethodError'{0x00000000d68edb78}: 'java.lang.Object java.lang.invoke.Invokers$Holder.linkToTargetMethod(java.lang.Object, java.lang.Object, int, java.lang.Object, java.lang.Object)'> (0x00000000d68edb78) 
thrown [s\src\hotspot\share\interpreter\linkResolver.cpp, line 773]
Event: 12.948 Thread 0x000001dee55e78d0 Exception <a 'java/lang/NoSuchMethodError'{0x00000000d681c278}: 'java.lang.Object java.lang.invoke.DirectMethodHandle$Holder.invokeSpecial(java.lang.Object, java.lang.Object, int, java.lang.Object, java.lang.Object)'> (0x00000000d681c278) 
thrown [s\src\hotspot\share\interpreter\linkResolver.cpp, line 773]
Event: 12.949 Thread 0x000001dee55e78d0 Exception <a 'java/lang/NoSuchMethodError'{0x00000000d6822fb0}: 'java.lang.Object java.lang.invoke.DirectMethodHandle$Holder.newInvokeSpecial(java.lang.Object, java.lang.Object, int, java.lang.Object)'> (0x00000000d6822fb0) 
thrown [s\src\hotspot\share\interpreter\linkResolver.cpp, line 773]
Event: 12.949 Thread 0x000001dee55e78d0 Exception <a 'java/lang/NoSuchMethodError'{0x00000000d6826890}: 'java.lang.Object java.lang.invoke.DirectMethodHandle$Holder.invokeSpecial(java.lang.Object, java.lang.Object, java.lang.Object, int, java.lang.Object)'> (0x00000000d6826890) 
thrown [s\src\hotspot\share\interpreter\linkResolver.cpp, line 773]
Event: 12.994 Thread 0x000001dee5c710b0 Exception <a 'java/lang/NoSuchMethodError'{0x00000000d6a0c870}: 'void java.lang.invoke.DirectMethodHandle$Holder.invokeSpecial(java.lang.Object, java.lang.Object, java.lang.Object, java.lang.Object, java.lang.Object)'> (0x00000000d6a0c870) 
thrown [s\src\hotspot\share\interpreter\linkResolver.cpp, line 773]
Event: 13.063 Thread 0x000001dee5c710b0 Exception <a 'java/lang/NoSuchMethodError'{0x00000000d6c1c790}: 'double java.lang.invoke.DirectMethodHandle$Holder.invokeStatic(java.lang.Object, java.lang.Object)'> (0x00000000d6c1c790) 
thrown [s\src\hotspot\share\interpreter\linkResolver.cpp, line 773]
Event: 13.064 Thread 0x000001dee5c710b0 Exception <a 'java/lang/NoSuchMethodError'{0x00000000d6c1fe50}: 'double java.lang.invoke.DirectMethodHandle$Holder.invokeStaticInit(java.lang.Object, java.lang.Object)'> (0x00000000d6c1fe50) 
thrown [s\src\hotspot\share\interpreter\linkResolver.cpp, line 773]

ZGC Phase Switch (0 events):
No events

VM Operations (20 events):
Event: 5.309 Executing VM operation: ParallelGCFailedAllocation (Allocation Failure) done
Event: 5.418 Executing VM operation: HandshakeAllThreads (Deoptimize)
Event: 5.418 Executing VM operation: HandshakeAllThreads (Deoptimize) done
Event: 5.426 Executing VM operation: HandshakeAllThreads (Deoptimize)
Event: 5.426 Executing VM operation: HandshakeAllThreads (Deoptimize) done
Event: 5.455 Executing VM operation: HandshakeAllThreads (Deoptimize)
Event: 5.455 Executing VM operation: HandshakeAllThreads (Deoptimize) done
Event: 6.459 Executing VM operation: Cleanup
Event: 6.459 Executing VM operation: Cleanup done
Event: 7.470 Executing VM operation: Cleanup
Event: 7.470 Executing VM operation: Cleanup done
Event: 10.503 Executing VM operation: Cleanup
Event: 10.503 Executing VM operation: Cleanup done
Event: 11.740 Executing VM operation: HandshakeAllThreads (Deoptimize)
Event: 11.740 Executing VM operation: HandshakeAllThreads (Deoptimize) done
Event: 12.741 Executing VM operation: Cleanup
Event: 12.741 Executing VM operation: Cleanup done
Event: 13.135 Executing VM operation: ParallelGCFailedAllocation (Allocation Failure)
Event: 13.140 Executing VM operation: ParallelGCFailedAllocation (Allocation Failure) done
Event: 14.148 Executing VM operation: Cleanup

Memory protections (0 events):
No events

Nmethod flushes (0 events):
No events

Events (20 events):
Event: 0.378 Thread 0x000001de8bdf2ce0 Thread added: 0x000001de8bd6bd00
Event: 0.385 Thread 0x000001de8bdf2ce0 Thread added: 0x000001de8bd76590
Event: 0.388 Thread 0x000001de8bdf2ce0 Thread added: 0x000001dee515ac10
Event: 0.848 Thread 0x000001de8bdf2ce0 Thread added: 0x000001dee530a270
Event: 1.351 Thread 0x000001de8bdf2ce0 Thread added: 0x000001dee538f9c0
Event: 3.083 Thread 0x000001dee515ac10 Thread added: 0x000001dee5608ba0
Event: 3.652 Thread 0x000001de8bdf2ce0 Thread added: 0x000001dee5706e00
Event: 4.183 Thread 0x000001de8bdf2ce0 Thread added: 0x000001dee5745960
Event: 4.193 Thread 0x000001de8bdf2ce0 Thread added: 0x000001dee5c710b0
Event: 4.353 Thread 0x000001dee5608ba0 Thread exited: 0x000001dee5608ba0
Event: 4.518 Thread 0x000001dee5c710b0 Thread added: 0x000001dee5608ba0
Event: 4.708 Thread 0x000001dee515ac10 Thread added: 0x000001dee573ac60
Event: 4.709 Thread 0x000001dee515ac10 Thread added: 0x000001dee58c3a30
Event: 4.986 Thread 0x000001dee58c3a30 Thread exited: 0x000001dee58c3a30
Event: 5.007 Thread 0x000001dee573ac60 Thread exited: 0x000001dee573ac60
Event: 5.102 Thread 0x000001dee5c710b0 Thread added: 0x000001deea08a100
Event: 11.788 Thread 0x000001dee5c710b0 Thread added: 0x000001dee561bf90
Event: 12.892 Thread 0x000001dee5c710b0 Thread added: 0x000001dee55e78d0
Event: 12.949 Thread 0x000001dee5c710b0 Thread added: 0x000001dee5c14b40
Event: 13.113 Thread 0x000001dee515ac10 Thread added: 0x000001dee5266570


Dynamic libraries:
0x00007ff768550000 - 0x00007ff76855e000 	c:\Users\Miguel Rabih\.vscode\extensions\redhat.java-1.49.0-win32-x64\jre\21.0.9-win32-x86_64\bin\java.exe
0x00007ff8f94a0000 - 0x00007ff8f9708000 	C:\WINDOWS\SYSTEM32\ntdll.dll
0x00007ff8f7bd0000 - 0x00007ff8f7c99000 	C:\WINDOWS\System32\KERNEL32.DLL
0x00007ff8f65f0000 - 0x00007ff8f69e8000 	C:\WINDOWS\System32\KERNELBASE.dll
0x00007ff8f70f0000 - 0x00007ff8f723b000 	C:\WINDOWS\System32\ucrtbase.dll
0x00007ff8e8690000 - 0x00007ff8e86ae000 	c:\Users\Miguel Rabih\.vscode\extensions\redhat.java-1.49.0-win32-x64\jre\21.0.9-win32-x86_64\bin\VCRUNTIME140.dll
0x00007ff8e93a0000 - 0x00007ff8e93b8000 	c:\Users\Miguel Rabih\.vscode\extensions\redhat.java-1.49.0-win32-x64\jre\21.0.9-win32-x86_64\bin\jli.dll
0x00007ff8f9290000 - 0x00007ff8f9457000 	C:\WINDOWS\System32\USER32.dll
0x00007ff8f6e90000 - 0x00007ff8f6eb7000 	C:\WINDOWS\System32\win32u.dll
0x00007ff8df3d0000 - 0x00007ff8df664000 	C:\WINDOWS\WinSxS\amd64_microsoft.windows.common-controls_6595b64144ccf1df_6.0.26100.7019_none_3e06ffa0e335b8a8\COMCTL32.dll
0x00007ff8f79b0000 - 0x00007ff8f79db000 	C:\WINDOWS\System32\GDI32.dll
0x00007ff8f6a80000 - 0x00007ff8f6bac000 	C:\WINDOWS\System32\gdi32full.dll
0x00007ff8f6bb0000 - 0x00007ff8f6c53000 	C:\WINDOWS\System32\msvcp_win.dll
0x00007ff8f78f0000 - 0x00007ff8f7999000 	C:\WINDOWS\System32\msvcrt.dll
0x00007ff8f7ef0000 - 0x00007ff8f7f21000 	C:\WINDOWS\System32\IMM32.DLL
0x00007ff8f2510000 - 0x00007ff8f251c000 	c:\Users\Miguel Rabih\.vscode\extensions\redhat.java-1.49.0-win32-x64\jre\21.0.9-win32-x86_64\bin\vcruntime140_1.dll
0x00007ff8e8470000 - 0x00007ff8e84fd000 	c:\Users\Miguel Rabih\.vscode\extensions\redhat.java-1.49.0-win32-x64\jre\21.0.9-win32-x86_64\bin\msvcp140.dll
0x00007ff883ae0000 - 0x00007ff884880000 	c:\Users\Miguel Rabih\.vscode\extensions\redhat.java-1.49.0-win32-x64\jre\21.0.9-win32-x86_64\bin\server\jvm.dll
0x00007ff8f7f30000 - 0x00007ff8f7fe4000 	C:\WINDOWS\System32\ADVAPI32.dll
0x00007ff8f7240000 - 0x00007ff8f72e6000 	C:\WINDOWS\System32\sechost.dll
0x00007ff8f80c0000 - 0x00007ff8f81d8000 	C:\WINDOWS\System32\RPCRT4.dll
0x00007ff8f9210000 - 0x00007ff8f9284000 	C:\WINDOWS\System32\WS2_32.dll
0x00007ff8f6450000 - 0x00007ff8f64ae000 	C:\WINDOWS\SYSTEM32\POWRPROF.dll
0x00007ff8eb220000 - 0x00007ff8eb255000 	C:\WINDOWS\SYSTEM32\WINMM.dll
0x00007ff8ea0b0000 - 0x00007ff8ea0bb000 	C:\WINDOWS\SYSTEM32\VERSION.dll
0x00007ff8f6430000 - 0x00007ff8f6444000 	C:\WINDOWS\SYSTEM32\UMPDC.dll
0x00007ff8f53b0000 - 0x00007ff8f53cb000 	C:\WINDOWS\SYSTEM32\kernel.appcore.dll
0x00007ff8e8410000 - 0x00007ff8e841a000 	c:\Users\Miguel Rabih\.vscode\extensions\redhat.java-1.49.0-win32-x64\jre\21.0.9-win32-x86_64\bin\jimage.dll
0x00007ff8f3d70000 - 0x00007ff8f3fb2000 	C:\WINDOWS\SYSTEM32\DBGHELP.DLL
0x00007ff8f74e0000 - 0x00007ff8f786b000 	C:\WINDOWS\System32\combase.dll
0x00007ff8f79e0000 - 0x00007ff8f7ab7000 	C:\WINDOWS\System32\OLEAUT32.dll
0x00007ff8db250000 - 0x00007ff8db28c000 	C:\WINDOWS\SYSTEM32\dbgcore.DLL
0x00007ff8f6de0000 - 0x00007ff8f6e85000 	C:\WINDOWS\System32\bcryptPrimitives.dll
0x00007ff8e8440000 - 0x00007ff8e844f000 	c:\Users\Miguel Rabih\.vscode\extensions\redhat.java-1.49.0-win32-x64\jre\21.0.9-win32-x86_64\bin\instrument.dll
0x00007ff8e7c70000 - 0x00007ff8e7c90000 	c:\Users\Miguel Rabih\.vscode\extensions\redhat.java-1.49.0-win32-x64\jre\21.0.9-win32-x86_64\bin\java.dll
0x00007ff8f8ab0000 - 0x00007ff8f91ff000 	C:\WINDOWS\System32\SHELL32.dll
0x00007ff8f6ec0000 - 0x00007ff8f702b000 	C:\WINDOWS\System32\wintypes.dll
0x00007ff8f4210000 - 0x00007ff8f4a6d000 	C:\WINDOWS\SYSTEM32\windows.storage.dll
0x00007ff8f81e0000 - 0x00007ff8f82d2000 	C:\WINDOWS\System32\SHCORE.dll
0x00007ff8f7e80000 - 0x00007ff8f7ee7000 	C:\WINDOWS\System32\shlwapi.dll
0x00007ff8f6510000 - 0x00007ff8f6539000 	C:\WINDOWS\SYSTEM32\profapi.dll
0x00007ff8e8450000 - 0x00007ff8e8468000 	c:\Users\Miguel Rabih\.vscode\extensions\redhat.java-1.49.0-win32-x64\jre\21.0.9-win32-x86_64\bin\zip.dll
0x00007ff8e8430000 - 0x00007ff8e8440000 	C:\Users\Miguel Rabih\.vscode\extensions\redhat.java-1.49.0-win32-x64\jre\21.0.9-win32-x86_64\bin\net.dll
0x00007ff8e9cd0000 - 0x00007ff8e9df8000 	C:\WINDOWS\SYSTEM32\WINHTTP.dll
0x00007ff8f5920000 - 0x00007ff8f598b000 	C:\WINDOWS\system32\mswsock.dll
0x00007ff8e7790000 - 0x00007ff8e77a6000 	C:\Users\Miguel Rabih\.vscode\extensions\redhat.java-1.49.0-win32-x64\jre\21.0.9-win32-x86_64\bin\nio.dll
0x00007ff8e8420000 - 0x00007ff8e8430000 	c:\Users\Miguel Rabih\.vscode\extensions\redhat.java-1.49.0-win32-x64\jre\21.0.9-win32-x86_64\bin\verify.dll
0x00007ff8dfc40000 - 0x00007ff8dfc84000 	C:\Users\Miguel Rabih\AppData\Roaming\Code\User\globalStorage\redhat.java\1.49.0\config_ss_win\org.eclipse.equinox.launcher\org.eclipse.equinox.launcher.win32.win32.x86_64_1.2.1400.v20250801-0854\eclipse_11916.dll
0x00007ff8f83c0000 - 0x00007ff8f8557000 	C:\WINDOWS\System32\ole32.dll
0x00007ff8f5be0000 - 0x00007ff8f5bfb000 	C:\WINDOWS\SYSTEM32\CRYPTSP.dll
0x00007ff8f5310000 - 0x00007ff8f534a000 	C:\WINDOWS\system32\rsaenh.dll
0x00007ff8f59d0000 - 0x00007ff8f59fb000 	C:\WINDOWS\SYSTEM32\USERENV.dll
0x00007ff8f64e0000 - 0x00007ff8f650a000 	C:\WINDOWS\SYSTEM32\bcrypt.dll
0x00007ff8f5c00000 - 0x00007ff8f5c0c000 	C:\WINDOWS\SYSTEM32\CRYPTBASE.dll
0x00007ff8f4da0000 - 0x00007ff8f4dd4000 	C:\WINDOWS\SYSTEM32\IPHLPAPI.DLL
0x00007ff8f72f0000 - 0x00007ff8f72fa000 	C:\WINDOWS\System32\NSI.dll
0x00007ff8dcac0000 - 0x00007ff8dcb09000 	C:\Users\Miguel Rabih\AppData\Local\Temp\jna--145542845\jna5879342403471507631.dll
0x00007ff8f7ac0000 - 0x00007ff8f7ac8000 	C:\WINDOWS\System32\PSAPI.DLL

JVMTI agents:
c:\Users\Miguel Rabih\.vscode\extensions\redhat.java-1.49.0-win32-x64\lombok\lombok-1.18.39-4050.jar path:c:\Users\Miguel Rabih\.vscode\extensions\redhat.java-1.49.0-win32-x64\jre\21.0.9-win32-x86_64\bin\instrument.dll, loaded, initialized, instrumentlib options:none

dbghelp: loaded successfully - version: 4.0.5 - missing functions: none
symbol engine: initialized successfully - sym options: 0x614 - pdb path: .;c:\Users\Miguel Rabih\.vscode\extensions\redhat.java-1.49.0-win32-x64\jre\21.0.9-win32-x86_64\bin;C:\WINDOWS\SYSTEM32;C:\WINDOWS\WinSxS\amd64_microsoft.windows.common-controls_6595b64144ccf1df_6.0.26100.7019_none_3e06ffa0e335b8a8;c:\Users\Miguel Rabih\.vscode\extensions\redhat.java-1.49.0-win32-x64\jre\21.0.9-win32-x86_64\bin\server;C:\Users\Miguel Rabih\AppData\Roaming\Code\User\globalStorage\redhat.java\1.49.0\config_ss_win\org.eclipse.equinox.launcher\org.eclipse.equinox.launcher.win32.win32.x86_64_1.2.1400.v20250801-0854;C:\Users\Miguel Rabih\AppData\Local\Temp\jna--145542845

VM Arguments:
jvm_args: --add-modules=ALL-SYSTEM --add-opens=java.base/java.util=ALL-UNNAMED --add-opens=java.base/java.lang=ALL-UNNAMED --add-opens=java.base/sun.nio.fs=ALL-UNNAMED -Declipse.application=org.eclipse.jdt.ls.core.id1 -Dosgi.bundles.defaultStartLevel=4 -Declipse.product=org.eclipse.jdt.ls.core.product -Djava.import.generatesMetadataFilesAtProjectRoot=false -DDetectVMInstallationsJob.disabled=true -Dfile.encoding=utf8 -XX:+UseParallelGC -XX:GCTimeRatio=4 -XX:AdaptiveSizePolicyWeight=90 -Dsun.zip.disableMemoryMapping=true -Xmx2G -Xms100m -Xlog:disable -javaagent:c:\Users\Miguel Rabih\.vscode\extensions\redhat.java-1.49.0-win32-x64\lombok\lombok-1.18.39-4050.jar 
java_command: c:\Users\Miguel Rabih\.vscode\extensions\redhat.java-1.49.0-win32-x64\server\plugins\org.eclipse.equinox.launcher_1.7.100.v20251111-0406.jar -configuration c:\Users\Miguel Rabih\AppData\Roaming\Code\User\globalStorage\redhat.java\1.49.0\config_ss_win -data c:\Users\Miguel Rabih\AppData\Roaming\Code\User\workspaceStorage\077b0f097db5b2b96f080f2ba760cd29\redhat.java\ss_ws --pipe=\\.\pipe\lsp-dc9a25873bfd33749c0ec1fea0ccbc88-sock
java_class_path (initial): c:\Users\Miguel Rabih\.vscode\extensions\redhat.java-1.49.0-win32-x64\server\plugins\org.eclipse.equinox.launcher_1.7.100.v20251111-0406.jar
Launcher Type: SUN_STANDARD

[Global flags]
    uintx AdaptiveSizePolicyWeight                 = 90                                        {product} {command line}
     intx CICompilerCount                          = 4                                         {product} {ergonomic}
    uintx GCTimeRatio                              = 4                                         {product} {command line}
   size_t InitialHeapSize                          = 104857600                                 {product} {command line}
   size_t MaxHeapSize                              = 2147483648                                {product} {command line}
   size_t MaxNewSize                               = 715653120                                 {product} {ergonomic}
   size_t MinHeapDeltaBytes                        = 524288                                    {product} {ergonomic}
   size_t MinHeapSize                              = 104857600                                 {product} {command line}
   size_t NewSize                                  = 34603008                                  {product} {ergonomic}
    uintx NonNMethodCodeHeapSize                   = 5839372                                {pd product} {ergonomic}
    uintx NonProfiledCodeHeapSize                  = 122909434                              {pd product} {ergonomic}
   size_t OldSize                                  = 70254592                                  {product} {ergonomic}
    uintx ProfiledCodeHeapSize                     = 122909434                              {pd product} {ergonomic}
    uintx ReservedCodeCacheSize                    = 251658240                              {pd product} {ergonomic}
     bool SegmentedCodeCache                       = true                                      {product} {ergonomic}
   size_t SoftMaxHeapSize                          = 2147483648                             {manageable} {ergonomic}
     bool UseCompressedOops                        = true                           {product lp64_product} {ergonomic}
     bool UseLargePagesIndividualAllocation        = false                                  {pd product} {ergonomic}
     bool UseParallelGC                            = true                                      {product} {command line}

Logging:
Log output configuration:
 #0: stdout all=off uptime,level,tags foldmultilines=false
 #1: stderr all=off uptime,level,tags foldmultilines=false

Release file:
JAVA_VERSION="21.0.9" 
MODULES="java.base java.compiler java.datatransfer java.xml java.prefs java.desktop java.instrument java.logging java.management java.security.sasl java.naming java.rmi java.management.rmi java.net.http java.scripting java.security.jgss java.transaction.xa java.sql java.sql.rowset java.xml.crypto java.se java.smartcardio jdk.accessibility jdk.internal.jvmstat jdk.attach jdk.charsets jdk.internal.opt jdk.zipfs jdk.compiler jdk.crypto.ec jdk.crypto.cryptoki jdk.crypto.mscapi jdk.dynalink jdk.internal.ed jdk.editpad jdk.hotspot.agent jdk.httpserver jdk.internal.le jdk.internal.vm.ci jdk.internal.vm.compiler jdk.internal.vm.compiler.management jdk.jartool jdk.javadoc jdk.jcmd jdk.management jdk.management.agent jdk.jconsole jdk.jdeps jdk.jdwp.agent jdk.jdi jdk.jfr jdk.jshell jdk.jsobject jdk.jstatd jdk.localedata jdk.management.jfr jdk.naming.dns jdk.naming.rmi jdk.net jdk.nio.mapmode jdk.random jdk.sctp jdk.security.auth jdk.security.jgss jdk.unsupported jdk.unsupported.desktop jdk.xml.dom" 

Environment Variables:
PATH=C:\Program Files\Common Files\Oracle\Java\javapath;C:\WINDOWS\system32;C:\WINDOWS;C:\WINDOWS\System32\Wbem;C:\WINDOWS\System32\WindowsPowerShell\v1.0\;C:\WINDOWS\System32\OpenSSH\;C:\flutter\flutter\bin;C:\Program Files\nodejs\;C:\xampp1\phpMyAdmin\vendor\composer;C:\xampp1\php\Project_php\ControlHabitos\habitos\vendor\laravel\tinker\tests\fixtures\vendor\composer\autoload_classmap.php;C:\xampp1\php;C:\xampp1\mysql\bin;C:\ProgramData\ComposerSetup\bin;C:\Program Files\Git\cmd;C:\Program Files\Eclipse Adoptium\jdk-17.0.15.6-hotspot\bin;C:\Program Files\apache-maven-3.9.9\bin;C:\Program Files\PostgreSQL\17\bin;C:\Program Files\dotnet\;C:\Program Files (x86)\Windows Kits\10\Windows Performance Toolkit\;C:\Program Files\Microsoft SQL Server\150\Tools\Binn\;C:\Program Files\Microsoft SQL Server\Client SDK\ODBC\170\Tools\Binn\;C:\Program Files\Go\bin;C:\Users\Miguel Rabih\go\bin;C:\Users\Miguel Rabih\AppData\Local\Programs\Python\Python313\Scripts\;C:\Users\Miguel Rabih\AppData\Local\Programs\Python\Python313\;C:\Users\Miguel Rabih\AppData\Local\Programs\Python\Launcher\;C:\flutter\flutter\bin;C:\Users\Miguel Rabih\AppData\Local\Microsoft\WindowsApps;C:\Users\Miguel Rabih\AppData\Local\Programs\Microsoft VS Code\bin;C:\Program Files\JetBrains\IntelliJ IDEA 2024.2.4\bin;;C:\Users\Miguel Rabih\AppData\Local\GitHubDesktop\bin;C:\flutter;C:\Users\Miguel Rabih\AppData\Roaming\npm;C:\Program Files\MongoDB\Server\7.0\bin;C:\Users\Miguel Rabih\AppData\Roaming\Composer\vendor\bin;C:\xampp1\php;C:\xampp1\phpMyAdmin\vendor\composer;C:\ProgramData\ComposerSetup\bin;C:\Program Files (x86)\ComposerSetup;C:\Program Files\apache-maven-3.9.9\bin;C:\Users\Miguel Rabih\.dotnet\tools;C:\Users\Miguel Rabih\go\bin;
USERNAME=Miguel Rabih
OS=Windows_NT
PROCESSOR_IDENTIFIER=AMD64 Family 23 Model 160 Stepping 0, AuthenticAMD
TMP=C:\Users\MIGUEL~1\AppData\Local\Temp
TEMP=C:\Users\MIGUEL~1\AppData\Local\Temp




Periodic native trim disabled

---------------  S Y S T E M  ---------------

OS:
 Windows 11 , 64 bit Build 26100 (10.0.26100.7019)
OS uptime: 0 days 19:41 hours
Hyper-V role detected

CPU: total 8 (initial active 8) (8 cores per cpu, 2 threads per core) family 23 model 160 stepping 0 microcode 0x8a00006, cx8, cmov, fxsr, ht, mmx, 3dnowpref, sse, sse2, sse3, ssse3, sse4a, sse4.1, sse4.2, popcnt, lzcnt, tsc, tscinvbit, avx, avx2, aes, clmul, bmi1, bmi2, adx, sha, fma, vzeroupper, clflush, clflushopt, hv, rdtscp, rdpid, f16c
Processor Information for the first 8 processors :
  Max Mhz: 2801, Current Mhz: 2801, Mhz Limit: 2801

Memory: 4k page, system-wide physical 5965M (333M free)
TotalPageFile size 24397M (AvailPageFile size 4M)
current process WorkingSet (physical memory assigned to process): 130M, peak: 131M
current process commit charge ("private bytes"): 268M, peak: 269M

vm_info: OpenJDK 64-Bit Server VM (21.0.9+10-LTS) for windows-amd64 JRE (21.0.9+10-LTS), built on 2025-10-21T00:00:00Z by "admin" with unknown MS VC++:1942

END.
